<?xml version="1.0" encoding="utf-8"?><testsuites name="pytest tests"><testsuite name="pytest" errors="0" failures="0" skipped="0" tests="18" time="2.528" timestamp="2026-04-13T15:41:52.501323+00:00" hostname="agent-env-fbdcbd7e-8d9a-4bb8-85bc-8697dfef4c9a"><testcase classname="backend.tests.test_neighborhood_price_breakdown.TestNeighborhoodPriceBreakdown" name="test_chelsea_returns_price_breakdown" time="0.196" /><testcase classname="backend.tests.test_neighborhood_price_breakdown.TestNeighborhoodPriceBreakdown" name="test_chelsea_price_breakdown_structure" time="0.182" /><testcase classname="backend.tests.test_neighborhood_price_breakdown.TestNeighborhoodPriceBreakdown" name="test_chelsea_has_doorman_data" time="0.163" /><testcase classname="backend.tests.test_neighborhood_price_breakdown.TestNeighborhoodPriceBreakdown" name="test_chelsea_studio_avg_rent_valid" time="0.132" /><testcase classname="backend.tests.test_neighborhood_price_breakdown.TestNeighborhoodPriceBreakdown" name="test_long_island_city_returns_price_breakdown" time="0.132" /><testcase classname="backend.tests.test_neighborhood_price_breakdown.TestNeighborhoodPriceBreakdown" name="test_long_island_city_elevator_data" time="0.114" /><testcase classname="backend.tests.test_neighborhood_price_breakdown.TestNeighborhoodPriceBreakdown" name="test_greenpoint_no_doorman_data" time="0.111" /><testcase classname="backend.tests.test_neighborhood_price_breakdown.TestNeighborhoodPriceBreakdown" name="test_greenpoint_no_two_bed_data" time="0.124" /><testcase classname="backend.tests.test_neighborhood_price_breakdown.TestNeighborhoodPriceBreakdown" name="test_invalid_neighborhood_returns_404" time="0.112" /><testcase classname="backend.tests.test_neighborhood_price_breakdown.TestNeighborhoodPriceBreakdown" name="test_financial_district_returns_data" time="0.135" /><testcase classname="backend.tests.test_neighborhood_price_breakdown.TestNeighborhoodPriceBreakdown" name="test_tribeca_returns_data" time="0.114" /><testcase classname="backend.tests.test_neighborhood_price_breakdown.TestNeighborhoodPriceBreakdown" name="test_midtown_west_returns_data" time="0.129" /><testcase classname="backend.tests.test_neighborhood_price_breakdown.TestNeighborhoodPriceBreakdown" name="test_price_breakdown_counts_match_stats" time="0.131" /><testcase classname="backend.tests.test_neighborhood_price_breakdown.TestNeighborhoodPriceBreakdown" name="test_doorman_no_doorman_counts_sum_to_total" time="0.116" /><testcase classname="backend.tests.test_neighborhood_price_breakdown.TestNeighborhoodPriceBreakdown" name="test_elevator_no_elevator_counts_sum_to_total" time="0.118" /><testcase classname="backend.tests.test_neighborhood_price_breakdown.TestNeighborhoodStats" name="test_stats_include_total_doorman" time="0.202" /><testcase classname="backend.tests.test_neighborhood_price_breakdown.TestNeighborhoodStats" name="test_stats_include_total_elevator" time="0.110" /><testcase classname="backend.tests.test_neighborhood_price_breakdown.TestNeighborhoodStats" name="test_stats_basic_fields" time="0.125" /></testsuite></testsuites>