<?xml version="1.0" encoding="utf-8"?><testsuites name="pytest tests"><testsuite name="pytest" errors="0" failures="1" skipped="0" tests="16" time="5.530" timestamp="2026-02-19T18:08:54.779166+00:00" hostname="agent-env-138d584b-e633-4f2b-9466-88313c4c88c6"><testcase classname="backend.tests.test_nofeesapts.TestHealthAndStats" name="test_api_health" time="0.202"><failure message="AssertionError: API health check failed: 404&#10;assert 404 == 200&#10; +  where 404 = &lt;Response [404]&gt;.status_code">backend/tests/test_nofeesapts.py:19: in test_api_health
    assert response.status_code == 200, f"API health check failed: {response.status_code}"
E   AssertionError: API health check failed: 404
E   assert 404 == 200
E    +  where 404 = &lt;Response [404]&gt;.status_code</failure></testcase><testcase classname="backend.tests.test_nofeesapts.TestHealthAndStats" name="test_stats_endpoint" time="0.111" /><testcase classname="backend.tests.test_nofeesapts.TestAuthFlow" name="test_signup_new_user" time="0.364" /><testcase classname="backend.tests.test_nofeesapts.TestAuthFlow" name="test_login_existing_user" time="0.355" /><testcase classname="backend.tests.test_nofeesapts.TestAuthFlow" name="test_login_invalid_credentials" time="0.141" /><testcase classname="backend.tests.test_nofeesapts.TestUnitsAPI" name="test_get_units_list" time="0.165" /><testcase classname="backend.tests.test_nofeesapts.TestUnitsAPI" name="test_get_single_unit" time="0.308" /><testcase classname="backend.tests.test_nofeesapts.TestUnitsAPI" name="test_get_nonexistent_unit" time="0.141" /><testcase classname="backend.tests.test_nofeesapts.TestUnitsAPI" name="test_filter_units_by_bedrooms" time="0.144" /><testcase classname="backend.tests.test_nofeesapts.TestUnitsAPI" name="test_filter_units_by_rent_range" time="0.135" /><testcase classname="backend.tests.test_nofeesapts.TestSubscribeAPI" name="test_subscribe_new_email" time="2.062" /><testcase classname="backend.tests.test_nofeesapts.TestSubscribeAPI" name="test_subscribe_duplicate_email" time="0.261" /><testcase classname="backend.tests.test_nofeesapts.TestBuildingsAPI" name="test_get_buildings_list" time="0.139" /><testcase classname="backend.tests.test_nofeesapts.TestFavoritesAPI" name="test_get_favorites_unauthorized" time="0.147" /><testcase classname="backend.tests.test_nofeesapts.TestFavoritesAPI" name="test_get_favorites_authorized" time="0.657" /><testcase classname="backend.tests.test_nofeesapts.TestContactAPI" name="test_contact_unauthorized" time="0.121" /></testsuite></testsuites>