<?xml version="1.0" encoding="utf-8"?><testsuites name="pytest tests"><testsuite name="pytest" errors="0" failures="0" skipped="0" tests="7" time="9.225" timestamp="2026-04-08T18:25:35.627531+00:00" hostname="agent-env-fbdcbd7e-8d9a-4bb8-85bc-8697dfef4c9a"><testcase classname="tests.test_batch_crawl.TestBatchCrawlFeature" name="test_start_batch_crawl_returns_job_id" time="0.576" /><testcase classname="tests.test_batch_crawl.TestBatchCrawlFeature" name="test_get_batch_crawl_status" time="2.660" /><testcase classname="tests.test_batch_crawl.TestBatchCrawlFeature" name="test_cancel_batch_crawl" time="2.653" /><testcase classname="tests.test_batch_crawl.TestBatchCrawlFeature" name="test_batch_crawl_409_when_already_running" time="1.602" /><testcase classname="tests.test_batch_crawl.TestBatchCrawlFeature" name="test_batch_crawl_status_404_for_invalid_job" time="0.605" /><testcase classname="tests.test_batch_crawl.TestImageUploadFeature" name="test_image_upload_to_staging_unit" time="0.548" /><testcase classname="tests.test_batch_crawl.TestImageUploadFeature" name="test_image_upload_404_for_invalid_unit" time="0.487" /></testsuite></testsuites>