<?xml version="1.0" encoding="utf-8"?><testsuites name="pytest tests"><testsuite name="pytest" errors="0" failures="0" skipped="0" tests="8" time="4.532" timestamp="2026-04-08T17:16:48.032902+00:00" hostname="agent-env-fbdcbd7e-8d9a-4bb8-85bc-8697dfef4c9a"><testcase classname="backend.tests.test_multi_building_import.TestMultiBuildingImport" name="test_admin_login_works" time="0.675" /><testcase classname="backend.tests.test_multi_building_import.TestMultiBuildingImport" name="test_multi_building_import_creates_separate_buildings" time="0.465" /><testcase classname="backend.tests.test_multi_building_import.TestMultiBuildingImport" name="test_single_building_fallback" time="0.711" /><testcase classname="backend.tests.test_multi_building_import.TestMultiBuildingImport" name="test_staging_units_have_correct_fields" time="0.494" /><testcase classname="backend.tests.test_multi_building_import.TestMultiBuildingImport" name="test_get_staging_units_endpoint" time="0.498" /><testcase classname="backend.tests.test_multi_building_import.TestMultiBuildingImport" name="test_import_with_empty_building_address_uses_default" time="0.418" /><testcase classname="backend.tests.test_multi_building_import.TestPropertyCrawlEndpoint" name="test_property_crawl_endpoint_exists" time="0.793" /><testcase classname="backend.tests.test_multi_building_import.TestStagingStatsEndpoint" name="test_staging_stats_endpoint" time="0.406" /></testsuite></testsuites>