<?xml version="1.0" encoding="utf-8"?><testsuites name="pytest tests"><testsuite name="pytest" errors="0" failures="0" skipped="0" tests="33" time="13.139" timestamp="2026-04-07T20:24:26.803136+00:00" hostname="agent-env-fbdcbd7e-8d9a-4bb8-85bc-8697dfef4c9a"><testcase classname="tests.test_refactored_api.TestPublicEndpoints" name="test_get_buildings" time="0.239" /><testcase classname="tests.test_refactored_api.TestPublicEndpoints" name="test_get_units" time="0.112" /><testcase classname="tests.test_refactored_api.TestPublicEndpoints" name="test_get_units_with_filters" time="0.136" /><testcase classname="tests.test_refactored_api.TestPublicEndpoints" name="test_get_public_stats" time="0.125" /><testcase classname="tests.test_refactored_api.TestPublicEndpoints" name="test_get_social_proof" time="0.184" /><testcase classname="tests.test_refactored_api.TestPublicEndpoints" name="test_get_hero_units" time="0.115" /><testcase classname="tests.test_refactored_api.TestPublicEndpoints" name="test_get_recent_units" time="0.125" /><testcase classname="tests.test_refactored_api.TestPublicEndpoints" name="test_get_recommendations" time="0.127" /><testcase classname="tests.test_refactored_api.TestPublicEndpoints" name="test_get_neighborhoods" time="0.146" /><testcase classname="tests.test_refactored_api.TestPublicEndpoints" name="test_get_services_status" time="0.114" /><testcase classname="tests.test_refactored_api.TestAuthEndpoints" name="test_login_success" time="0.343" /><testcase classname="tests.test_refactored_api.TestAuthEndpoints" name="test_login_invalid_credentials" time="0.108" /><testcase classname="tests.test_refactored_api.TestAuthEndpoints" name="test_signup_and_login" time="0.740" /><testcase classname="tests.test_refactored_api.TestAuthEndpoints" name="test_get_me_requires_auth" time="0.136" /><testcase classname="tests.test_refactored_api.TestAuthEndpoints" name="test_get_me_with_session" time="0.458" /><testcase classname="tests.test_refactored_api.TestAdminEndpoints" name="test_get_admin_stats" time="0.408" /><testcase classname="tests.test_refactored_api.TestAdminEndpoints" name="test_get_admin_users" time="0.467" /><testcase classname="tests.test_refactored_api.TestAdminEndpoints" name="test_get_admin_subscribers" time="0.395" /><testcase classname="tests.test_refactored_api.TestAdminEndpoints" name="test_get_staging_units" time="0.446" /><testcase classname="tests.test_refactored_api.TestAdminEndpoints" name="test_get_staging_stats" time="0.404" /><testcase classname="tests.test_refactored_api.TestAdminEndpoints" name="test_get_unavailability_reviews" time="0.431" /><testcase classname="tests.test_refactored_api.TestAdminEndpoints" name="test_get_unavailable_units" time="0.494" /><testcase classname="tests.test_refactored_api.TestAdminEndpoints" name="test_get_rejected_staging" time="0.378" /><testcase classname="tests.test_refactored_api.TestAuthenticatedUserEndpoints" name="test_get_favorites" time="0.394" /><testcase classname="tests.test_refactored_api.TestAuthenticatedUserEndpoints" name="test_get_saved_searches" time="0.395" /><testcase classname="tests.test_refactored_api.TestAuthenticatedUserEndpoints" name="test_favorites_crud" time="0.644" /><testcase classname="tests.test_refactored_api.TestAuthenticatedUserEndpoints" name="test_saved_search_crud" time="0.512" /><testcase classname="tests.test_refactored_api.TestContactEndpoints" name="test_subscribe_email" time="2.283" /><testcase classname="tests.test_refactored_api.TestContactEndpoints" name="test_subscribe_duplicate_email" time="1.367" /><testcase classname="tests.test_refactored_api.TestUnitDetailEndpoints" name="test_get_unit_by_id" time="0.240" /><testcase classname="tests.test_refactored_api.TestUnitDetailEndpoints" name="test_get_unit_not_found" time="0.109" /><testcase classname="tests.test_refactored_api.TestUnitDetailEndpoints" name="test_get_share_preview" time="0.225" /><testcase classname="tests.test_refactored_api.TestBuildingEndpoints" name="test_get_building_by_id" time="0.229" /></testsuite></testsuites>