<?xml version="1.0" encoding="utf-8"?><testsuites name="pytest tests"><testsuite name="pytest" errors="0" failures="0" skipped="0" tests="11" time="5.551" timestamp="2026-04-06T12:04:33.755321+00:00" hostname="agent-env-9da86e44-d723-4aee-88f5-d05f74283748"><testcase classname="backend.tests.test_social_proof_saved_searches.TestSocialProof" name="test_social_proof_returns_data" time="0.150" /><testcase classname="backend.tests.test_social_proof_saved_searches.TestSavedSearches" name="test_saved_searches_requires_auth" time="0.459" /><testcase classname="backend.tests.test_social_proof_saved_searches.TestSavedSearches" name="test_create_saved_search_requires_auth" time="0.451" /><testcase classname="backend.tests.test_social_proof_saved_searches.TestSavedSearches" name="test_get_saved_searches_authenticated" time="0.447" /><testcase classname="backend.tests.test_social_proof_saved_searches.TestSavedSearches" name="test_create_saved_search" time="0.565" /><testcase classname="backend.tests.test_social_proof_saved_searches.TestSavedSearches" name="test_create_saved_search_with_all_filters" time="0.653" /><testcase classname="backend.tests.test_social_proof_saved_searches.TestSavedSearches" name="test_toggle_saved_search" time="0.766" /><testcase classname="backend.tests.test_social_proof_saved_searches.TestSavedSearches" name="test_delete_saved_search" time="0.668" /><testcase classname="backend.tests.test_social_proof_saved_searches.TestSavedSearches" name="test_delete_nonexistent_search" time="0.438" /><testcase classname="backend.tests.test_social_proof_saved_searches.TestSavedSearches" name="test_toggle_nonexistent_search" time="0.435" /><testcase classname="backend.tests.test_social_proof_saved_searches.TestSavedSearchLimits" name="test_saved_search_requires_name" time="0.455" /></testsuite></testsuites>